{"C:\\Users\\eline\\OneDrive\\Dokument\\Web Development\\Udemy and course projects\\intro-to-testing\\js\\cloneArray.js": {"path":"C:\\Users\\eline\\OneDrive\\Dokument\\Web Development\\Udemy and course projects\\intro-to-testing\\js\\cloneArray.js","statementMap":{"0":{"start":{"line":2,"column":4},"end":{"line":2,"column":21}},"1":{"start":{"line":5,"column":0},"end":{"line":7,"column":1}}},"fnMap":{"0":{"name":"cloneArray","decl":{"start":{"line":1,"column":9},"end":{"line":1,"column":19}},"loc":{"start":{"line":1,"column":27},"end":{"line":3,"column":1}},"line":1}},"branchMap":{},"s":{"0":2,"1":1},"f":{"0":2},"b":{},"_coverageSchema":"1a1c01bbd47fc00a2c39e90264f33305004495a9","hash":"acec4f0ce97edea6b1f345684a4bd91335b7aeec"}
,"C:\\Users\\eline\\OneDrive\\Dokument\\Web Development\\Udemy and course projects\\intro-to-testing\\js\\math.js": {"path":"C:\\Users\\eline\\OneDrive\\Dokument\\Web Development\\Udemy and course projects\\intro-to-testing\\js\\math.js","statementMap":{"0":{"start":{"line":2,"column":4},"end":{"line":2,"column":16}},"1":{"start":{"line":6,"column":4},"end":{"line":6,"column":16}},"2":{"start":{"line":9,"column":0},"end":{"line":12,"column":1}}},"fnMap":{"0":{"name":"sum","decl":{"start":{"line":1,"column":9},"end":{"line":1,"column":12}},"loc":{"start":{"line":1,"column":19},"end":{"line":3,"column":1}},"line":1},"1":{"name":"subtract","decl":{"start":{"line":5,"column":9},"end":{"line":5,"column":17}},"loc":{"start":{"line":5,"column":24},"end":{"line":7,"column":1}},"line":5}},"branchMap":{},"s":{"0":1,"1":1,"2":1},"f":{"0":1,"1":1},"b":{},"_coverageSchema":"1a1c01bbd47fc00a2c39e90264f33305004495a9","hash":"f6285c0fc37e04580413019b4e829a0449f408f6"}
}
