{"C:\\Users\\eline\\OneDrive\\Dokument\\Web Development\\Udemy and course projects\\intro-to-testing\\functions.js": {"path":"C:\\Users\\eline\\OneDrive\\Dokument\\Web Development\\Udemy and course projects\\intro-to-testing\\functions.js","statementMap":{"0":{"start":{"line":1,"column":18},"end":{"line":5,"column":1}},"1":{"start":{"line":2,"column":18},"end":{"line":2,"column":23}},"2":{"start":{"line":3,"column":23},"end":{"line":3,"column":28}},"3":{"start":{"line":4,"column":27},"end":{"line":4,"column":37}},"4":{"start":{"line":7,"column":0},"end":{"line":7,"column":26}}},"fnMap":{"0":{"name":"(anonymous_0)","decl":{"start":{"line":2,"column":9},"end":{"line":2,"column":10}},"loc":{"start":{"line":2,"column":18},"end":{"line":2,"column":23}},"line":2},"1":{"name":"(anonymous_1)","decl":{"start":{"line":3,"column":14},"end":{"line":3,"column":15}},"loc":{"start":{"line":3,"column":23},"end":{"line":3,"column":28}},"line":3},"2":{"name":"(anonymous_2)","decl":{"start":{"line":4,"column":16},"end":{"line":4,"column":17}},"loc":{"start":{"line":4,"column":27},"end":{"line":4,"column":37}},"line":4}},"branchMap":{},"s":{"0":1,"1":2,"2":1,"3":2,"4":1},"f":{"0":2,"1":1,"2":2},"b":{},"_coverageSchema":"1a1c01bbd47fc00a2c39e90264f33305004495a9","hash":"03aa7b6aff8f313a70c9697c83c0eb9297d7f1bb"}
}
