TN:
SF:functions.js
FN:4,(anonymous_0)
FN:5,(anonymous_1)
FN:6,(anonymous_2)
FN:7,(anonymous_3)
FN:8,(anonymous_4)
FN:9,(anonymous_5)
FN:16,(anonymous_6)
FN:17,(anonymous_7)
FN:18,(anonymous_8)
FN:20,(anonymous_9)
FN:21,(anonymous_10)
FNF:11
FNH:9
FNDA:6,(anonymous_0)
FNDA:2,(anonymous_1)
FNDA:2,(anonymous_2)
FNDA:1,(anonymous_3)
FNDA:1,(anonymous_4)
FNDA:1,(anonymous_5)
FNDA:2,(anonymous_6)
FNDA:2,(anonymous_7)
FNDA:0,(anonymous_8)
FNDA:2,(anonymous_9)
FNDA:0,(anonymous_10)
DA:1,1
DA:3,1
DA:4,6
DA:5,2
DA:6,2
DA:7,1
DA:8,1
DA:10,1
DA:14,1
DA:16,2
DA:17,2
DA:18,0
DA:20,2
DA:21,0
DA:24,1
LF:15
LH:13
BRF:0
BRH:0
end_of_record
